+++ starting new run at 2019-08-05 14:01:57.028714:

reading file: runConfigs/lel/box-1.00.json
Thread 0: starting!


========= Running ./doSimulationReconstruction, please wait.



========= Jobs submitted, waiting for them to finish...

Log successfully saved to /media/DataEnc2TBRaid1/Arbeit/LuminosityFit/scripts/runLogs/runLog-2019-08-05-run0-thread0.txt!
Thread 0 done!
waiting for all jobs...


====================================

       all tasks completed!           

====================================


+++ starting new run at 2019-08-05 14:05:13.152328:

reading file: runConfigs/lel/box-1.00.json
Thread 0: starting!


========= Running ./doSimulationReconstruction, please wait.



========= Jobs submitted, waiting for them to finish...

Log successfully saved to /media/DataEnc2TBRaid1/Arbeit/LuminosityFit/scripts/runLogs/runLog-2019-08-05-run0-thread0.txt!
Thread 0 done!
waiting for all jobs...


====================================

       all tasks completed!           

====================================


+++ starting new run at 2019-08-05 14:07:48.658773:

reading file: runConfigs/lel/box-1.00.json
Thread 0: starting!


========= Running ./doSimulationReconstruction, please wait.



========= Jobs submitted, waiting for them to finish...

Log successfully saved to /media/DataEnc2TBRaid1/Arbeit/LuminosityFit/scripts/runLogs/runLog-2019-08-05-run0-thread0.txt!
Thread 0 done!
waiting for all jobs...


====================================

       all tasks completed!           

====================================


+++ starting new run at 2019-08-05 14:07:53.288104:

+++ starting new run at 2019-08-05 14:08:13.103922:

+++ starting new run at 2019-08-05 18:30:49.795501:

reading file: runConfigs/lel/box-1.00.json
Thread 99: starting!


========= Running ./doSimulationReconstruction, please wait.



========= Jobs submitted, waiting for them to finish...

Thread 99 done!


====================================

       all tasks completed!           

====================================


+++ starting new run at 2019-08-05 18:31:17.122997:

reading file: runConfigs/lel/box-1.00.json
Thread 99: starting!


========= Running ./doSimulationReconstruction, please wait.



========= Jobs submitted, waiting for them to finish...

Thread 99 done!


====================================

       all tasks completed!           

====================================


